2025-07-04 09:08:06,718 - HeatMeter - INFO - Starting HeatMeter v1.0.0
2025-07-04 09:08:08,079 - HeatMeter - INFO - Database initialized successfully
2025-07-04 09:08:19,188 - HeatMeter - INFO - Shutting down HeatMeter
2025-07-04 09:08:58,977 - HeatMeter - INFO - Starting HeatMeter v1.0.0
2025-07-04 09:08:59,689 - HeatMeter - INFO - Database initialized successfully
2025-07-04 09:11:20,646 - HeatMeter - WARNING - Suspicious request from 127.0.0.1: curl/8.9.1
2025-07-04 09:14:18,046 - HeatMeter - INFO - Retrieved 0 recent news items
2025-07-04 09:14:18,406 - HeatMeter - INFO - Retrieved 0 recent news items
2025-07-04 09:15:06,484 - HeatMeter - INFO - Retrieved 0 recent news items
2025-07-04 09:15:06,715 - HeatMeter - INFO - Retrieved 0 recent news items
2025-07-04 09:17:30,153 - HeatMeter - INFO - Retrieved 0 recent news items
2025-07-04 09:17:30,392 - HeatMeter - INFO - Retrieved 0 recent news items
2025-07-04 09:19:33,364 - HeatMeter - INFO - Retrieved 0 recent news items
2025-07-04 09:19:33,602 - HeatMeter - INFO - Retrieved 0 recent news items
2025-07-04 09:20:03,142 - HeatMeter - INFO - Starting HeatMeter v1.0.0
2025-07-04 09:20:03,856 - HeatMeter - INFO - Database initialized successfully
2025-07-04 09:20:03,857 - HeatMeter - INFO - Shutting down HeatMeter
2025-07-04 09:20:20,227 - HeatMeter - INFO - Starting HeatMeter v1.0.0
2025-07-04 09:20:20,854 - HeatMeter - INFO - Database initialized successfully
2025-07-04 09:20:20,855 - HeatMeter - INFO - Shutting down HeatMeter
2025-07-04 09:20:38,716 - HeatMeter - INFO - Starting HeatMeter v1.0.0
2025-07-04 09:20:39,358 - HeatMeter - INFO - Database initialized successfully
2025-07-04 09:20:51,869 - HeatMeter - INFO - Retrieved 0 recent news items
2025-07-04 09:20:52,224 - HeatMeter - INFO - Retrieved 0 recent news items
2025-07-04 09:21:03,670 - HeatMeter - INFO - Retrieved 0 recent news items
2025-07-04 09:21:03,793 - HeatMeter - INFO - Retrieved 0 recent news items
